2019-02-22 18:40:13.162  INFO 25712 --- [main] c.t.apns.http2.client.ClientApplication  : Starting ClientApplication on MartinLee with PID 25712 (C:\workspace\java\apns-http2-java\apns-http2-client\target\classes started by windows in C:\workspace\java\apns-http2-java)
2019-02-22 18:40:13.167  INFO 25712 --- [main] c.t.apns.http2.client.ClientApplication  : The following profiles are active: dev
2019-02-22 18:40:13.789  INFO 25712 --- [main] .s.d.r.c.RepositoryConfigurationDelegate : Multiple Spring Data modules found, entering strict repository configuration mode!
2019-02-22 18:40:13.792  INFO 25712 --- [main] .s.d.r.c.RepositoryConfigurationDelegate : Bootstrapping Spring Data repositories in DEFAULT mode.
2019-02-22 18:40:13.830  INFO 25712 --- [main] .s.d.r.c.RepositoryConfigurationDelegate : Finished Spring Data repository scanning in 24ms. Found 0 repository interfaces.
2019-02-22 18:40:14.345  INFO 25712 --- [main] c.t.a.http2.client.config.RedisConfig    : JedisPool注入成功！！
2019-02-22 18:40:14.345  INFO 25712 --- [main] c.t.a.http2.client.config.RedisConfig    : redis地址：10.2.100.40:6379
2019-02-22 18:40:14.504  INFO 25712 --- [main] com.zaxxer.hikari.HikariDataSource       : HikariPool-1 - Starting...
2019-02-22 18:40:14.505  WARN 25712 --- [main] com.zaxxer.hikari.util.DriverDataSource  : Registered driver with driverClassName=com.mysql.jdbc.Driver was not found, trying direct instantiation.
2019-02-22 18:40:15.391  INFO 25712 --- [main] com.zaxxer.hikari.HikariDataSource       : HikariPool-1 - Start completed.
2019-02-22 18:40:15.773  INFO 25712 --- [main] o.s.s.c.ThreadPoolTaskScheduler          : Initializing ExecutorService 'taskScheduler'
2019-02-22 18:40:15.815  INFO 25712 --- [main] c.t.apns.http2.client.ClientApplication  : Started ClientApplication in 3.187 seconds (JVM running for 4.441)
2019-02-22 18:40:16.003  INFO 25712 --- [main] .s.a.AnnotationAsyncExecutionInterceptor : More than one TaskExecutor bean found within the context, and none is named 'taskExecutor'. Mark one of them as primary or name it 'taskExecutor' (possibly as an alias) in order to use it for async processing: [applicationTaskExecutor, taskScheduler]
2019-02-22 18:40:16.013  INFO 25712 --- [SimpleAsyncTaskExecutor-1] c.t.a.h.client.listener.NewMsglistener   : 启动redis消息监听服务
2019-02-22 18:40:16.013  INFO 25712 --- [SimpleAsyncTaskExecutor-3] c.t.a.h.c.listener.UpdateConnListener    : 启动证书更新服务
2019-02-22 18:40:16.013  INFO 25712 --- [SimpleAsyncTaskExecutor-2] c.t.a.h.c.listener.FailureMasListener    : 启动redis失败消息重发监听服务
2019-02-22 18:40:16.013  INFO 25712 --- [SimpleAsyncTaskExecutor-1] c.t.a.h.client.listener.NewMsglistener   : get redis list msg.....
2019-02-22 18:40:16.014  INFO 25712 --- [SimpleAsyncTaskExecutor-2] c.t.a.h.c.listener.FailureMasListener    : get redis list failureMsg.....
2019-02-22 18:40:26.032 ERROR 25712 --- [SimpleAsyncTaskExecutor-2] c.t.a.http2.client.service.RedisService  : Could not get a resource from the pool
2019-02-22 18:40:26.032 ERROR 25712 --- [SimpleAsyncTaskExecutor-1] c.t.a.http2.client.service.RedisService  : Could not get a resource from the pool
2019-02-22 18:40:26.032  INFO 25712 --- [SimpleAsyncTaskExecutor-2] c.t.a.h.c.listener.FailureMasListener    : get redis list failureMsg.....
2019-02-22 18:40:26.032  INFO 25712 --- [SimpleAsyncTaskExecutor-1] c.t.a.h.client.listener.NewMsglistener   : get redis list msg.....
2019-02-22 18:40:36.034 ERROR 25712 --- [SimpleAsyncTaskExecutor-2] c.t.a.http2.client.service.RedisService  : Could not get a resource from the pool
2019-02-22 18:40:36.034 ERROR 25712 --- [SimpleAsyncTaskExecutor-1] c.t.a.http2.client.service.RedisService  : Could not get a resource from the pool
2019-02-22 18:40:36.037  INFO 25712 --- [SimpleAsyncTaskExecutor-1] c.t.a.h.client.listener.NewMsglistener   : get redis list msg.....
2019-02-22 18:40:36.037  INFO 25712 --- [SimpleAsyncTaskExecutor-2] c.t.a.h.c.listener.FailureMasListener    : get redis list failureMsg.....
2019-02-22 18:40:46.038 ERROR 25712 --- [SimpleAsyncTaskExecutor-2] c.t.a.http2.client.service.RedisService  : Could not get a resource from the pool
2019-02-22 18:40:46.038 ERROR 25712 --- [SimpleAsyncTaskExecutor-1] c.t.a.http2.client.service.RedisService  : Could not get a resource from the pool
2019-02-22 18:40:46.038  INFO 25712 --- [SimpleAsyncTaskExecutor-2] c.t.a.h.c.listener.FailureMasListener    : get redis list failureMsg.....
2019-02-22 18:40:46.039  INFO 25712 --- [SimpleAsyncTaskExecutor-1] c.t.a.h.client.listener.NewMsglistener   : get redis list msg.....
2019-02-22 18:40:56.039 ERROR 25712 --- [SimpleAsyncTaskExecutor-2] c.t.a.http2.client.service.RedisService  : Could not get a resource from the pool
2019-02-22 18:40:56.039 ERROR 25712 --- [SimpleAsyncTaskExecutor-1] c.t.a.http2.client.service.RedisService  : Could not get a resource from the pool
2019-02-22 18:40:56.039  INFO 25712 --- [SimpleAsyncTaskExecutor-2] c.t.a.h.c.listener.FailureMasListener    : get redis list failureMsg.....
2019-02-22 18:40:56.039  INFO 25712 --- [SimpleAsyncTaskExecutor-1] c.t.a.h.client.listener.NewMsglistener   : get redis list msg.....
2019-02-22 18:41:06.040 ERROR 25712 --- [SimpleAsyncTaskExecutor-1] c.t.a.http2.client.service.RedisService  : Could not get a resource from the pool
2019-02-22 18:41:06.040  INFO 25712 --- [SimpleAsyncTaskExecutor-1] c.t.a.h.client.listener.NewMsglistener   : get redis list msg.....
2019-02-22 18:41:06.041 ERROR 25712 --- [SimpleAsyncTaskExecutor-2] c.t.a.http2.client.service.RedisService  : Could not get a resource from the pool
2019-02-22 18:41:06.041  INFO 25712 --- [SimpleAsyncTaskExecutor-2] c.t.a.h.c.listener.FailureMasListener    : get redis list failureMsg.....
2019-02-22 18:41:16.042 ERROR 25712 --- [SimpleAsyncTaskExecutor-1] c.t.a.http2.client.service.RedisService  : Could not get a resource from the pool
2019-02-22 18:41:16.042  INFO 25712 --- [SimpleAsyncTaskExecutor-1] c.t.a.h.client.listener.NewMsglistener   : get redis list msg.....
2019-02-22 18:41:16.043 ERROR 25712 --- [SimpleAsyncTaskExecutor-2] c.t.a.http2.client.service.RedisService  : Could not get a resource from the pool
2019-02-22 18:41:16.043  INFO 25712 --- [SimpleAsyncTaskExecutor-2] c.t.a.h.c.listener.FailureMasListener    : get redis list failureMsg.....
2019-02-22 18:41:26.043 ERROR 25712 --- [SimpleAsyncTaskExecutor-1] c.t.a.http2.client.service.RedisService  : Could not get a resource from the pool
2019-02-22 18:41:26.043 ERROR 25712 --- [SimpleAsyncTaskExecutor-2] c.t.a.http2.client.service.RedisService  : Could not get a resource from the pool
2019-02-22 18:41:26.043  INFO 25712 --- [SimpleAsyncTaskExecutor-1] c.t.a.h.client.listener.NewMsglistener   : get redis list msg.....
2019-02-22 18:41:26.043  INFO 25712 --- [SimpleAsyncTaskExecutor-2] c.t.a.h.c.listener.FailureMasListener    : get redis list failureMsg.....
2019-02-22 18:41:36.044 ERROR 25712 --- [SimpleAsyncTaskExecutor-2] c.t.a.http2.client.service.RedisService  : Could not get a resource from the pool
2019-02-22 18:41:36.044 ERROR 25712 --- [SimpleAsyncTaskExecutor-1] c.t.a.http2.client.service.RedisService  : Could not get a resource from the pool
2019-02-22 18:41:36.044  INFO 25712 --- [SimpleAsyncTaskExecutor-2] c.t.a.h.c.listener.FailureMasListener    : get redis list failureMsg.....
2019-02-22 18:41:36.044  INFO 25712 --- [SimpleAsyncTaskExecutor-1] c.t.a.h.client.listener.NewMsglistener   : get redis list msg.....
2019-02-22 18:41:46.046 ERROR 25712 --- [SimpleAsyncTaskExecutor-2] c.t.a.http2.client.service.RedisService  : Could not get a resource from the pool
2019-02-22 18:41:46.046 ERROR 25712 --- [SimpleAsyncTaskExecutor-1] c.t.a.http2.client.service.RedisService  : Could not get a resource from the pool
2019-02-22 18:41:46.046  INFO 25712 --- [SimpleAsyncTaskExecutor-2] c.t.a.h.c.listener.FailureMasListener    : get redis list failureMsg.....
2019-02-22 18:41:46.047  INFO 25712 --- [SimpleAsyncTaskExecutor-1] c.t.a.h.client.listener.NewMsglistener   : get redis list msg.....
2019-02-22 18:41:56.047 ERROR 25712 --- [SimpleAsyncTaskExecutor-2] c.t.a.http2.client.service.RedisService  : Could not get a resource from the pool
2019-02-22 18:41:56.047  INFO 25712 --- [SimpleAsyncTaskExecutor-2] c.t.a.h.c.listener.FailureMasListener    : get redis list failureMsg.....
2019-02-22 18:41:56.048 ERROR 25712 --- [SimpleAsyncTaskExecutor-1] c.t.a.http2.client.service.RedisService  : Could not get a resource from the pool
2019-02-22 18:41:56.048  INFO 25712 --- [SimpleAsyncTaskExecutor-1] c.t.a.h.client.listener.NewMsglistener   : get redis list msg.....
2019-02-22 18:42:06.049 ERROR 25712 --- [SimpleAsyncTaskExecutor-1] c.t.a.http2.client.service.RedisService  : Could not get a resource from the pool
2019-02-22 18:42:06.049 ERROR 25712 --- [SimpleAsyncTaskExecutor-2] c.t.a.http2.client.service.RedisService  : Could not get a resource from the pool
2019-02-22 18:42:06.049  INFO 25712 --- [SimpleAsyncTaskExecutor-1] c.t.a.h.client.listener.NewMsglistener   : get redis list msg.....
2019-02-22 18:42:06.050  INFO 25712 --- [SimpleAsyncTaskExecutor-2] c.t.a.h.c.listener.FailureMasListener    : get redis list failureMsg.....
2019-02-22 18:42:16.051 ERROR 25712 --- [SimpleAsyncTaskExecutor-1] c.t.a.http2.client.service.RedisService  : Could not get a resource from the pool
2019-02-22 18:42:16.051 ERROR 25712 --- [SimpleAsyncTaskExecutor-2] c.t.a.http2.client.service.RedisService  : Could not get a resource from the pool
2019-02-22 18:42:16.051  INFO 25712 --- [SimpleAsyncTaskExecutor-1] c.t.a.h.client.listener.NewMsglistener   : get redis list msg.....
2019-02-22 18:42:16.051  INFO 25712 --- [SimpleAsyncTaskExecutor-2] c.t.a.h.c.listener.FailureMasListener    : get redis list failureMsg.....
2019-02-22 18:42:26.053 ERROR 25712 --- [SimpleAsyncTaskExecutor-1] c.t.a.http2.client.service.RedisService  : Could not get a resource from the pool
2019-02-22 18:42:26.053 ERROR 25712 --- [SimpleAsyncTaskExecutor-2] c.t.a.http2.client.service.RedisService  : Could not get a resource from the pool
2019-02-22 18:42:26.053  INFO 25712 --- [SimpleAsyncTaskExecutor-1] c.t.a.h.client.listener.NewMsglistener   : get redis list msg.....
2019-02-22 18:42:26.054  INFO 25712 --- [SimpleAsyncTaskExecutor-2] c.t.a.h.c.listener.FailureMasListener    : get redis list failureMsg.....
2019-02-22 18:42:36.055 ERROR 25712 --- [SimpleAsyncTaskExecutor-2] c.t.a.http2.client.service.RedisService  : Could not get a resource from the pool
2019-02-22 18:42:36.055 ERROR 25712 --- [SimpleAsyncTaskExecutor-1] c.t.a.http2.client.service.RedisService  : Could not get a resource from the pool
2019-02-22 18:42:36.055  INFO 25712 --- [SimpleAsyncTaskExecutor-2] c.t.a.h.c.listener.FailureMasListener    : get redis list failureMsg.....
2019-02-22 18:42:36.055  INFO 25712 --- [SimpleAsyncTaskExecutor-1] c.t.a.h.client.listener.NewMsglistener   : get redis list msg.....
2019-02-22 18:42:46.056 ERROR 25712 --- [SimpleAsyncTaskExecutor-1] c.t.a.http2.client.service.RedisService  : Could not get a resource from the pool
2019-02-22 18:42:46.056 ERROR 25712 --- [SimpleAsyncTaskExecutor-2] c.t.a.http2.client.service.RedisService  : Could not get a resource from the pool
2019-02-22 18:42:46.056  INFO 25712 --- [SimpleAsyncTaskExecutor-1] c.t.a.h.client.listener.NewMsglistener   : get redis list msg.....
2019-02-22 18:42:46.056  INFO 25712 --- [SimpleAsyncTaskExecutor-2] c.t.a.h.c.listener.FailureMasListener    : get redis list failureMsg.....
2019-02-22 18:42:56.056 ERROR 25712 --- [SimpleAsyncTaskExecutor-1] c.t.a.http2.client.service.RedisService  : Could not get a resource from the pool
2019-02-22 18:42:56.057 ERROR 25712 --- [SimpleAsyncTaskExecutor-2] c.t.a.http2.client.service.RedisService  : Could not get a resource from the pool
2019-02-22 18:42:56.056  INFO 25712 --- [SimpleAsyncTaskExecutor-1] c.t.a.h.client.listener.NewMsglistener   : get redis list msg.....
2019-02-22 18:42:56.057  INFO 25712 --- [SimpleAsyncTaskExecutor-2] c.t.a.h.c.listener.FailureMasListener    : get redis list failureMsg.....
2019-02-22 18:43:06.057 ERROR 25712 --- [SimpleAsyncTaskExecutor-2] c.t.a.http2.client.service.RedisService  : Could not get a resource from the pool
2019-02-22 18:43:06.057 ERROR 25712 --- [SimpleAsyncTaskExecutor-1] c.t.a.http2.client.service.RedisService  : Could not get a resource from the pool
2019-02-22 18:43:06.057  INFO 25712 --- [SimpleAsyncTaskExecutor-2] c.t.a.h.c.listener.FailureMasListener    : get redis list failureMsg.....
2019-02-22 18:43:06.057  INFO 25712 --- [SimpleAsyncTaskExecutor-1] c.t.a.h.client.listener.NewMsglistener   : get redis list msg.....
2019-02-22 18:43:16.059 ERROR 25712 --- [SimpleAsyncTaskExecutor-2] c.t.a.http2.client.service.RedisService  : Could not get a resource from the pool
2019-02-22 18:43:16.059 ERROR 25712 --- [SimpleAsyncTaskExecutor-1] c.t.a.http2.client.service.RedisService  : Could not get a resource from the pool
2019-02-22 18:43:16.059  INFO 25712 --- [SimpleAsyncTaskExecutor-2] c.t.a.h.c.listener.FailureMasListener    : get redis list failureMsg.....
2019-02-22 18:43:16.060  INFO 25712 --- [SimpleAsyncTaskExecutor-1] c.t.a.h.client.listener.NewMsglistener   : get redis list msg.....
2019-02-22 18:43:26.061 ERROR 25712 --- [SimpleAsyncTaskExecutor-1] c.t.a.http2.client.service.RedisService  : Could not get a resource from the pool
2019-02-22 18:43:26.061 ERROR 25712 --- [SimpleAsyncTaskExecutor-2] c.t.a.http2.client.service.RedisService  : Could not get a resource from the pool
2019-02-22 18:43:26.061  INFO 25712 --- [SimpleAsyncTaskExecutor-1] c.t.a.h.client.listener.NewMsglistener   : get redis list msg.....
2019-02-22 18:43:26.061  INFO 25712 --- [SimpleAsyncTaskExecutor-2] c.t.a.h.c.listener.FailureMasListener    : get redis list failureMsg.....
2019-02-22 18:43:36.063 ERROR 25712 --- [SimpleAsyncTaskExecutor-1] c.t.a.http2.client.service.RedisService  : Could not get a resource from the pool
2019-02-22 18:43:36.063 ERROR 25712 --- [SimpleAsyncTaskExecutor-2] c.t.a.http2.client.service.RedisService  : Could not get a resource from the pool
2019-02-22 18:43:36.063  INFO 25712 --- [SimpleAsyncTaskExecutor-1] c.t.a.h.client.listener.NewMsglistener   : get redis list msg.....
2019-02-22 18:43:36.063  INFO 25712 --- [SimpleAsyncTaskExecutor-2] c.t.a.h.c.listener.FailureMasListener    : get redis list failureMsg.....
2019-02-22 18:43:46.063 ERROR 25712 --- [SimpleAsyncTaskExecutor-1] c.t.a.http2.client.service.RedisService  : Could not get a resource from the pool
2019-02-22 18:43:46.063  INFO 25712 --- [SimpleAsyncTaskExecutor-1] c.t.a.h.client.listener.NewMsglistener   : get redis list msg.....
2019-02-22 18:43:46.064 ERROR 25712 --- [SimpleAsyncTaskExecutor-2] c.t.a.http2.client.service.RedisService  : Could not get a resource from the pool
2019-02-22 18:43:46.064  INFO 25712 --- [SimpleAsyncTaskExecutor-2] c.t.a.h.c.listener.FailureMasListener    : get redis list failureMsg.....
2019-02-22 18:43:56.064 ERROR 25712 --- [SimpleAsyncTaskExecutor-1] c.t.a.http2.client.service.RedisService  : Could not get a resource from the pool
2019-02-22 18:43:56.064 ERROR 25712 --- [SimpleAsyncTaskExecutor-2] c.t.a.http2.client.service.RedisService  : Could not get a resource from the pool
2019-02-22 18:43:56.066  INFO 25712 --- [SimpleAsyncTaskExecutor-2] c.t.a.h.c.listener.FailureMasListener    : get redis list failureMsg.....
2019-02-22 18:43:56.066  INFO 25712 --- [SimpleAsyncTaskExecutor-1] c.t.a.h.client.listener.NewMsglistener   : get redis list msg.....
2019-02-22 18:44:06.067 ERROR 25712 --- [SimpleAsyncTaskExecutor-2] c.t.a.http2.client.service.RedisService  : Could not get a resource from the pool
2019-02-22 18:44:06.067 ERROR 25712 --- [SimpleAsyncTaskExecutor-1] c.t.a.http2.client.service.RedisService  : Could not get a resource from the pool
2019-02-22 18:44:06.067  INFO 25712 --- [SimpleAsyncTaskExecutor-2] c.t.a.h.c.listener.FailureMasListener    : get redis list failureMsg.....
2019-02-22 18:44:06.068  INFO 25712 --- [SimpleAsyncTaskExecutor-1] c.t.a.h.client.listener.NewMsglistener   : get redis list msg.....
2019-02-22 18:44:16.070 ERROR 25712 --- [SimpleAsyncTaskExecutor-1] c.t.a.http2.client.service.RedisService  : Could not get a resource from the pool
2019-02-22 18:44:16.070 ERROR 25712 --- [SimpleAsyncTaskExecutor-2] c.t.a.http2.client.service.RedisService  : Could not get a resource from the pool
2019-02-22 18:44:16.070  INFO 25712 --- [SimpleAsyncTaskExecutor-1] c.t.a.h.client.listener.NewMsglistener   : get redis list msg.....
2019-02-22 18:44:16.070  INFO 25712 --- [SimpleAsyncTaskExecutor-2] c.t.a.h.c.listener.FailureMasListener    : get redis list failureMsg.....
2019-02-22 18:44:26.071 ERROR 25712 --- [SimpleAsyncTaskExecutor-1] c.t.a.http2.client.service.RedisService  : Could not get a resource from the pool
2019-02-22 18:44:26.071 ERROR 25712 --- [SimpleAsyncTaskExecutor-2] c.t.a.http2.client.service.RedisService  : Could not get a resource from the pool
2019-02-22 18:44:26.074  INFO 25712 --- [SimpleAsyncTaskExecutor-1] c.t.a.h.client.listener.NewMsglistener   : get redis list msg.....
2019-02-22 18:44:26.074  INFO 25712 --- [SimpleAsyncTaskExecutor-2] c.t.a.h.c.listener.FailureMasListener    : get redis list failureMsg.....
2019-02-22 18:44:36.077 ERROR 25712 --- [SimpleAsyncTaskExecutor-1] c.t.a.http2.client.service.RedisService  : Could not get a resource from the pool
2019-02-22 18:44:36.077 ERROR 25712 --- [SimpleAsyncTaskExecutor-2] c.t.a.http2.client.service.RedisService  : Could not get a resource from the pool
2019-02-22 18:44:36.077  INFO 25712 --- [SimpleAsyncTaskExecutor-1] c.t.a.h.client.listener.NewMsglistener   : get redis list msg.....
2019-02-22 18:44:36.078  INFO 25712 --- [SimpleAsyncTaskExecutor-2] c.t.a.h.c.listener.FailureMasListener    : get redis list failureMsg.....
2019-02-22 18:44:46.079 ERROR 25712 --- [SimpleAsyncTaskExecutor-1] c.t.a.http2.client.service.RedisService  : Could not get a resource from the pool
2019-02-22 18:44:46.079  INFO 25712 --- [SimpleAsyncTaskExecutor-1] c.t.a.h.client.listener.NewMsglistener   : get redis list msg.....
2019-02-22 18:44:46.080 ERROR 25712 --- [SimpleAsyncTaskExecutor-2] c.t.a.http2.client.service.RedisService  : Could not get a resource from the pool
2019-02-22 18:44:46.080  INFO 25712 --- [SimpleAsyncTaskExecutor-2] c.t.a.h.c.listener.FailureMasListener    : get redis list failureMsg.....
2019-02-22 18:44:56.081 ERROR 25712 --- [SimpleAsyncTaskExecutor-1] c.t.a.http2.client.service.RedisService  : Could not get a resource from the pool
2019-02-22 18:44:56.081 ERROR 25712 --- [SimpleAsyncTaskExecutor-2] c.t.a.http2.client.service.RedisService  : Could not get a resource from the pool
2019-02-22 18:44:56.081  INFO 25712 --- [SimpleAsyncTaskExecutor-1] c.t.a.h.client.listener.NewMsglistener   : get redis list msg.....
2019-02-22 18:44:56.081  INFO 25712 --- [SimpleAsyncTaskExecutor-2] c.t.a.h.c.listener.FailureMasListener    : get redis list failureMsg.....
2019-02-22 18:45:06.082 ERROR 25712 --- [SimpleAsyncTaskExecutor-1] c.t.a.http2.client.service.RedisService  : Could not get a resource from the pool
2019-02-22 18:45:06.082  INFO 25712 --- [SimpleAsyncTaskExecutor-1] c.t.a.h.client.listener.NewMsglistener   : get redis list msg.....
2019-02-22 18:45:06.083 ERROR 25712 --- [SimpleAsyncTaskExecutor-2] c.t.a.http2.client.service.RedisService  : Could not get a resource from the pool
2019-02-22 18:45:06.083  INFO 25712 --- [SimpleAsyncTaskExecutor-2] c.t.a.h.c.listener.FailureMasListener    : get redis list failureMsg.....
2019-02-22 18:45:16.083 ERROR 25712 --- [SimpleAsyncTaskExecutor-1] c.t.a.http2.client.service.RedisService  : Could not get a resource from the pool
2019-02-22 18:45:16.083  INFO 25712 --- [SimpleAsyncTaskExecutor-1] c.t.a.h.client.listener.NewMsglistener   : get redis list msg.....
2019-02-22 18:45:16.084 ERROR 25712 --- [SimpleAsyncTaskExecutor-2] c.t.a.http2.client.service.RedisService  : Could not get a resource from the pool
2019-02-22 18:45:16.084  INFO 25712 --- [SimpleAsyncTaskExecutor-2] c.t.a.h.c.listener.FailureMasListener    : get redis list failureMsg.....
2019-02-22 18:45:26.085 ERROR 25712 --- [SimpleAsyncTaskExecutor-1] c.t.a.http2.client.service.RedisService  : Could not get a resource from the pool
2019-02-22 18:45:26.085 ERROR 25712 --- [SimpleAsyncTaskExecutor-2] c.t.a.http2.client.service.RedisService  : Could not get a resource from the pool
2019-02-22 18:45:26.085  INFO 25712 --- [SimpleAsyncTaskExecutor-1] c.t.a.h.client.listener.NewMsglistener   : get redis list msg.....
2019-02-22 18:45:26.085  INFO 25712 --- [SimpleAsyncTaskExecutor-2] c.t.a.h.c.listener.FailureMasListener    : get redis list failureMsg.....
2019-02-22 18:45:36.087 ERROR 25712 --- [SimpleAsyncTaskExecutor-1] c.t.a.http2.client.service.RedisService  : Could not get a resource from the pool
2019-02-22 18:45:36.087 ERROR 25712 --- [SimpleAsyncTaskExecutor-2] c.t.a.http2.client.service.RedisService  : Could not get a resource from the pool
2019-02-22 18:45:36.087  INFO 25712 --- [SimpleAsyncTaskExecutor-1] c.t.a.h.client.listener.NewMsglistener   : get redis list msg.....
2019-02-22 18:45:36.088  INFO 25712 --- [SimpleAsyncTaskExecutor-2] c.t.a.h.c.listener.FailureMasListener    : get redis list failureMsg.....
2019-02-22 18:45:46.089 ERROR 25712 --- [SimpleAsyncTaskExecutor-2] c.t.a.http2.client.service.RedisService  : Could not get a resource from the pool
2019-02-22 18:45:46.089 ERROR 25712 --- [SimpleAsyncTaskExecutor-1] c.t.a.http2.client.service.RedisService  : Could not get a resource from the pool
2019-02-22 18:45:46.089  INFO 25712 --- [SimpleAsyncTaskExecutor-2] c.t.a.h.c.listener.FailureMasListener    : get redis list failureMsg.....
2019-02-22 18:45:46.089  INFO 25712 --- [SimpleAsyncTaskExecutor-1] c.t.a.h.client.listener.NewMsglistener   : get redis list msg.....
2019-02-22 18:45:56.090 ERROR 25712 --- [SimpleAsyncTaskExecutor-2] c.t.a.http2.client.service.RedisService  : Could not get a resource from the pool
2019-02-22 18:45:56.090 ERROR 25712 --- [SimpleAsyncTaskExecutor-1] c.t.a.http2.client.service.RedisService  : Could not get a resource from the pool
2019-02-22 18:45:56.090  INFO 25712 --- [SimpleAsyncTaskExecutor-2] c.t.a.h.c.listener.FailureMasListener    : get redis list failureMsg.....
2019-02-22 18:45:56.090  INFO 25712 --- [SimpleAsyncTaskExecutor-1] c.t.a.h.client.listener.NewMsglistener   : get redis list msg.....
2019-02-22 18:46:06.092 ERROR 25712 --- [SimpleAsyncTaskExecutor-1] c.t.a.http2.client.service.RedisService  : Could not get a resource from the pool
2019-02-22 18:46:06.092  INFO 25712 --- [SimpleAsyncTaskExecutor-1] c.t.a.h.client.listener.NewMsglistener   : get redis list msg.....
2019-02-22 18:46:06.098 ERROR 25712 --- [SimpleAsyncTaskExecutor-2] c.t.a.http2.client.service.RedisService  : Could not get a resource from the pool
2019-02-22 18:46:06.098  INFO 25712 --- [SimpleAsyncTaskExecutor-2] c.t.a.h.c.listener.FailureMasListener    : get redis list failureMsg.....
2019-02-22 18:46:16.094 ERROR 25712 --- [SimpleAsyncTaskExecutor-1] c.t.a.http2.client.service.RedisService  : Could not get a resource from the pool
2019-02-22 18:46:16.094  INFO 25712 --- [SimpleAsyncTaskExecutor-1] c.t.a.h.client.listener.NewMsglistener   : get redis list msg.....
2019-02-22 18:46:16.099 ERROR 25712 --- [SimpleAsyncTaskExecutor-2] c.t.a.http2.client.service.RedisService  : Could not get a resource from the pool
2019-02-22 18:46:16.099  INFO 25712 --- [SimpleAsyncTaskExecutor-2] c.t.a.h.c.listener.FailureMasListener    : get redis list failureMsg.....
2019-02-22 18:46:26.095 ERROR 25712 --- [SimpleAsyncTaskExecutor-1] c.t.a.http2.client.service.RedisService  : Could not get a resource from the pool
2019-02-22 18:46:26.096  INFO 25712 --- [SimpleAsyncTaskExecutor-1] c.t.a.h.client.listener.NewMsglistener   : get redis list msg.....
2019-02-22 18:46:26.099 ERROR 25712 --- [SimpleAsyncTaskExecutor-2] c.t.a.http2.client.service.RedisService  : Could not get a resource from the pool
2019-02-22 18:46:26.099  INFO 25712 --- [SimpleAsyncTaskExecutor-2] c.t.a.h.c.listener.FailureMasListener    : get redis list failureMsg.....
2019-02-22 18:46:36.099 ERROR 25712 --- [SimpleAsyncTaskExecutor-1] c.t.a.http2.client.service.RedisService  : Could not get a resource from the pool
2019-02-22 18:46:36.099  INFO 25712 --- [SimpleAsyncTaskExecutor-1] c.t.a.h.client.listener.NewMsglistener   : get redis list msg.....
2019-02-22 18:46:36.100 ERROR 25712 --- [SimpleAsyncTaskExecutor-2] c.t.a.http2.client.service.RedisService  : Could not get a resource from the pool
2019-02-22 18:46:36.100  INFO 25712 --- [SimpleAsyncTaskExecutor-2] c.t.a.h.c.listener.FailureMasListener    : get redis list failureMsg.....
2019-02-22 18:46:46.100 ERROR 25712 --- [SimpleAsyncTaskExecutor-2] c.t.a.http2.client.service.RedisService  : Could not get a resource from the pool
2019-02-22 18:46:46.100 ERROR 25712 --- [SimpleAsyncTaskExecutor-1] c.t.a.http2.client.service.RedisService  : Could not get a resource from the pool
2019-02-22 18:46:46.100  INFO 25712 --- [SimpleAsyncTaskExecutor-2] c.t.a.h.c.listener.FailureMasListener    : get redis list failureMsg.....
2019-02-22 18:46:46.100  INFO 25712 --- [SimpleAsyncTaskExecutor-1] c.t.a.h.client.listener.NewMsglistener   : get redis list msg.....
2019-02-22 18:46:56.101 ERROR 25712 --- [SimpleAsyncTaskExecutor-2] c.t.a.http2.client.service.RedisService  : Could not get a resource from the pool
2019-02-22 18:46:56.101 ERROR 25712 --- [SimpleAsyncTaskExecutor-1] c.t.a.http2.client.service.RedisService  : Could not get a resource from the pool
2019-02-22 18:46:56.101  INFO 25712 --- [SimpleAsyncTaskExecutor-2] c.t.a.h.c.listener.FailureMasListener    : get redis list failureMsg.....
2019-02-22 18:46:56.101  INFO 25712 --- [SimpleAsyncTaskExecutor-1] c.t.a.h.client.listener.NewMsglistener   : get redis list msg.....
2019-02-22 18:47:06.101 ERROR 25712 --- [SimpleAsyncTaskExecutor-1] c.t.a.http2.client.service.RedisService  : Could not get a resource from the pool
2019-02-22 18:47:06.101  INFO 25712 --- [SimpleAsyncTaskExecutor-1] c.t.a.h.client.listener.NewMsglistener   : get redis list msg.....
2019-02-22 18:47:06.102 ERROR 25712 --- [SimpleAsyncTaskExecutor-2] c.t.a.http2.client.service.RedisService  : Could not get a resource from the pool
2019-02-22 18:47:06.102  INFO 25712 --- [SimpleAsyncTaskExecutor-2] c.t.a.h.c.listener.FailureMasListener    : get redis list failureMsg.....
2019-02-22 18:47:16.103 ERROR 25712 --- [SimpleAsyncTaskExecutor-1] c.t.a.http2.client.service.RedisService  : Could not get a resource from the pool
2019-02-22 18:47:16.103 ERROR 25712 --- [SimpleAsyncTaskExecutor-2] c.t.a.http2.client.service.RedisService  : Could not get a resource from the pool
2019-02-22 18:47:16.103  INFO 25712 --- [SimpleAsyncTaskExecutor-1] c.t.a.h.client.listener.NewMsglistener   : get redis list msg.....
2019-02-22 18:47:16.103  INFO 25712 --- [SimpleAsyncTaskExecutor-2] c.t.a.h.c.listener.FailureMasListener    : get redis list failureMsg.....
2019-02-22 18:47:26.104 ERROR 25712 --- [SimpleAsyncTaskExecutor-2] c.t.a.http2.client.service.RedisService  : Could not get a resource from the pool
2019-02-22 18:47:26.104 ERROR 25712 --- [SimpleAsyncTaskExecutor-1] c.t.a.http2.client.service.RedisService  : Could not get a resource from the pool
2019-02-22 18:47:26.104  INFO 25712 --- [SimpleAsyncTaskExecutor-2] c.t.a.h.c.listener.FailureMasListener    : get redis list failureMsg.....
2019-02-22 18:47:26.105  INFO 25712 --- [SimpleAsyncTaskExecutor-1] c.t.a.h.client.listener.NewMsglistener   : get redis list msg.....
2019-02-22 18:47:36.105 ERROR 25712 --- [SimpleAsyncTaskExecutor-2] c.t.a.http2.client.service.RedisService  : Could not get a resource from the pool
2019-02-22 18:47:36.105 ERROR 25712 --- [SimpleAsyncTaskExecutor-1] c.t.a.http2.client.service.RedisService  : Could not get a resource from the pool
2019-02-22 18:47:36.105  INFO 25712 --- [SimpleAsyncTaskExecutor-2] c.t.a.h.c.listener.FailureMasListener    : get redis list failureMsg.....
2019-02-22 18:47:36.105  INFO 25712 --- [SimpleAsyncTaskExecutor-1] c.t.a.h.client.listener.NewMsglistener   : get redis list msg.....
2019-02-22 18:47:46.107 ERROR 25712 --- [SimpleAsyncTaskExecutor-2] c.t.a.http2.client.service.RedisService  : Could not get a resource from the pool
2019-02-22 18:47:46.107 ERROR 25712 --- [SimpleAsyncTaskExecutor-1] c.t.a.http2.client.service.RedisService  : Could not get a resource from the pool
2019-02-22 18:47:46.107  INFO 25712 --- [SimpleAsyncTaskExecutor-2] c.t.a.h.c.listener.FailureMasListener    : get redis list failureMsg.....
2019-02-22 18:47:46.107  INFO 25712 --- [SimpleAsyncTaskExecutor-1] c.t.a.h.client.listener.NewMsglistener   : get redis list msg.....
2019-02-22 18:47:56.109 ERROR 25712 --- [SimpleAsyncTaskExecutor-2] c.t.a.http2.client.service.RedisService  : Could not get a resource from the pool
2019-02-22 18:47:56.109 ERROR 25712 --- [SimpleAsyncTaskExecutor-1] c.t.a.http2.client.service.RedisService  : Could not get a resource from the pool
2019-02-22 18:47:56.109  INFO 25712 --- [SimpleAsyncTaskExecutor-2] c.t.a.h.c.listener.FailureMasListener    : get redis list failureMsg.....
2019-02-22 18:47:56.109  INFO 25712 --- [SimpleAsyncTaskExecutor-1] c.t.a.h.client.listener.NewMsglistener   : get redis list msg.....
